TN:
SF:src\App.jsx
FN:7,(anonymous_0)
FN:8,(anonymous_1)
FN:9,(anonymous_2)
FN:10,(anonymous_3)
FN:11,(anonymous_4)
FN:14,(anonymous_5)
FN:16,(anonymous_6)
FN:21,(anonymous_7)
FN:28,App
FNF:9
FNH:5
FNDA:1,(anonymous_0)
FNDA:0,(anonymous_1)
FNDA:0,(anonymous_2)
FNDA:0,(anonymous_3)
FNDA:0,(anonymous_4)
FNDA:1,(anonymous_5)
FNDA:1,(anonymous_6)
FNDA:1,(anonymous_7)
FNDA:1,App
DA:7,1
DA:8,1
DA:9,1
DA:10,1
DA:11,1
DA:14,1
DA:15,1
DA:16,1
DA:17,1
DA:21,1
DA:22,1
DA:29,1
LF:12
LH:12
BRF:0
BRH:0
end_of_record
TN:
SF:src\i18n.js
FNF:0
FNH:0
DA:8,0
LF:1
LH:0
BRF:0
BRH:0
end_of_record
TN:
SF:src\main.jsx
FNF:0
FNH:0
DA:7,0
LF:1
LH:0
BRF:0
BRH:0
end_of_record
TN:
SF:src\components\BentoCard.jsx
FN:4,(anonymous_0)
FNF:1
FNH:1
FNDA:29,(anonymous_0)
DA:4,1
DA:5,29
DA:12,1
LF:3
LH:3
BRDA:4,0,0,29
BRDA:4,1,0,29
BRDA:6,2,0,6
BRDA:6,2,1,23
BRF:4
BRH:4
end_of_record
TN:
SF:src\components\Footer.jsx
FN:4,(anonymous_0)
FNF:1
FNH:1
FNDA:1,(anonymous_0)
DA:4,1
DA:5,1
DA:6,1
DA:8,1
LF:4
LH:4
BRF:0
BRH:0
end_of_record
TN:
SF:src\components\InteractiveBackground.jsx
FN:4,(anonymous_0)
FN:7,(anonymous_1)
FN:8,(anonymous_2)
FN:17,(anonymous_3)
FNF:4
FNH:3
FNDA:3,(anonymous_0)
FNDA:3,(anonymous_1)
FNDA:0,(anonymous_2)
FNDA:3,(anonymous_3)
DA:4,1
DA:5,3
DA:7,3
DA:8,3
DA:9,0
DA:15,3
DA:17,3
DA:18,3
DA:22,3
LF:9
LH:8
BRF:0
BRH:0
end_of_record
TN:
SF:src\components\Navbar.jsx
FN:7,(anonymous_0)
FN:14,(anonymous_1)
FN:15,(anonymous_2)
FN:19,(anonymous_3)
FN:23,(anonymous_4)
FN:29,(anonymous_5)
FN:35,(anonymous_6)
FN:40,(anonymous_7)
FN:64,(anonymous_8)
FN:68,(anonymous_9)
FN:91,(anonymous_10)
FNF:11
FNH:8
FNDA:2,(anonymous_0)
FNDA:2,(anonymous_1)
FNDA:0,(anonymous_2)
FNDA:2,(anonymous_3)
FNDA:2,(anonymous_4)
FNDA:2,(anonymous_5)
FNDA:2,(anonymous_6)
FNDA:0,(anonymous_7)
FNDA:8,(anonymous_8)
FNDA:8,(anonymous_9)
FNDA:0,(anonymous_10)
DA:7,1
DA:8,2
DA:9,2
DA:10,2
DA:11,2
DA:14,2
DA:15,2
DA:16,0
DA:18,2
DA:19,2
DA:23,2
DA:25,2
DA:29,2
DA:30,2
DA:31,0
DA:33,2
DA:35,2
DA:36,2
DA:40,2
DA:41,0
DA:42,0
DA:45,2
DA:52,2
DA:65,8
DA:68,8
DA:91,0
LF:26
LH:21
BRDA:30,0,0,0
BRDA:30,0,1,2
BRDA:41,1,0,0
BRDA:41,1,1,0
BRDA:53,2,0,0
BRDA:53,2,1,2
BRDA:63,3,0,0
BRDA:63,3,1,2
BRDA:68,4,0,0
BRDA:68,4,1,8
BRDA:82,5,0,2
BRDA:82,5,1,0
BRDA:84,6,0,2
BRDA:84,6,1,0
BRDA:90,7,0,0
BRDA:90,7,1,2
BRF:16
BRH:7
end_of_record
TN:
SF:src\components\SEO.jsx
FN:4,(anonymous_0)
FN:5,(anonymous_1)
FN:32,(anonymous_2)
FNF:3
FNH:3
FNDA:7,(anonymous_0)
FNDA:7,(anonymous_1)
FNDA:7,(anonymous_2)
DA:4,1
DA:5,7
DA:6,7
DA:7,7
DA:8,7
DA:9,7
DA:10,7
DA:11,7
DA:14,7
DA:15,7
DA:16,7
DA:17,7
DA:18,7
DA:19,7
DA:20,7
DA:23,7
DA:24,7
DA:25,7
DA:26,7
DA:28,7
DA:29,7
DA:32,7
DA:33,7
DA:34,7
DA:39,7
DA:42,1
LF:26
LH:26
BRDA:6,0,0,7
BRDA:6,0,1,0
BRDA:9,1,0,0
BRDA:9,1,1,7
BRDA:11,2,0,0
BRDA:11,2,1,7
BRDA:14,3,0,7
BRDA:14,3,1,0
BRDA:16,4,0,0
BRDA:16,4,1,7
BRDA:18,5,0,0
BRDA:18,5,1,7
BRDA:20,6,0,0
BRDA:20,6,1,7
BRDA:24,7,0,7
BRDA:24,7,1,0
BRDA:28,8,0,7
BRDA:28,8,1,0
BRDA:33,9,0,7
BRDA:33,9,1,0
BRDA:33,10,0,7
BRDA:33,10,1,7
BRF:22
BRH:12
end_of_record
TN:
SF:src\components\ThemeToggle.jsx
FN:4,(anonymous_0)
FN:9,(anonymous_1)
FN:14,(anonymous_2)
FN:15,(anonymous_3)
FNF:4
FNH:2
FNDA:2,(anonymous_0)
FNDA:2,(anonymous_1)
FNDA:0,(anonymous_2)
FNDA:0,(anonymous_3)
DA:4,1
DA:5,2
DA:9,2
DA:10,2
DA:11,2
DA:14,2
DA:15,0
DA:18,2
LF:8
LH:7
BRDA:6,0,0,2
BRDA:6,0,1,1
BRDA:15,1,0,0
BRDA:15,1,1,0
BRDA:23,2,0,2
BRDA:23,2,1,0
BRDA:25,3,0,2
BRDA:25,3,1,0
BRF:8
BRH:4
end_of_record
TN:
SF:src\pages\AboutPage.jsx
FN:6,(anonymous_0)
FNF:1
FNH:1
FNDA:1,(anonymous_0)
DA:6,1
DA:7,1
DA:9,1
DA:17,1
LF:4
LH:4
BRF:0
BRH:0
end_of_record
TN:
SF:src\pages\ContactPage.jsx
FN:13,(anonymous_0)
FN:41,(anonymous_1)
FNF:2
FNH:2
FNDA:1,(anonymous_0)
FNDA:4,(anonymous_1)
DA:6,1
DA:13,1
DA:14,1
DA:16,1
DA:24,1
DA:42,4
LF:6
LH:6
BRF:0
BRH:0
end_of_record
TN:
SF:src\pages\HomePage.jsx
FN:8,(anonymous_0)
FN:97,(anonymous_1)
FN:104,(anonymous_2)
FN:118,(anonymous_3)
FNF:4
FNH:4
FNDA:3,(anonymous_0)
FNDA:9,(anonymous_1)
FNDA:18,(anonymous_2)
FNDA:21,(anonymous_3)
DA:8,1
DA:9,3
DA:11,3
DA:32,3
DA:42,3
DA:49,3
DA:98,9
DA:104,18
DA:119,21
LF:9
LH:9
BRF:0
BRH:0
end_of_record
TN:
SF:src\pages\ProjectsPage.jsx
FN:6,(anonymous_0)
FN:61,(anonymous_1)
FN:80,(anonymous_2)
FNF:3
FNH:3
FNDA:1,(anonymous_0)
FNDA:3,(anonymous_1)
FNDA:8,(anonymous_2)
DA:6,1
DA:7,1
DA:9,1
DA:39,1
DA:47,1
DA:62,3
DA:80,8
LF:7
LH:7
BRDA:84,0,0,3
BRDA:84,0,1,2
BRDA:89,1,0,3
BRDA:89,1,1,1
BRF:4
BRH:4
end_of_record
TN:
SF:src\pages\TeamPage.jsx
FN:37,(anonymous_0)
FN:43,(anonymous_1)
FN:68,(anonymous_2)
FN:79,(anonymous_3)
FNF:4
FNH:4
FNDA:1,(anonymous_0)
FNDA:4,(anonymous_1)
FNDA:4,(anonymous_2)
FNDA:6,(anonymous_3)
DA:6,1
DA:37,1
DA:38,1
DA:40,1
DA:43,4
DA:54,1
DA:69,4
DA:80,6
LF:8
LH:8
BRF:0
BRH:0
end_of_record
